<?xml version="1.0" encoding="UTF-8" ?>
<testsuite errors="0" failures="0" hostname="DMNLMPalo1" name="com.pcm.tests.HomepageAlive" skipped="0" tests="1" time="24.311" timestamp="2015-04-21T10:11:39">
  <properties>
    <property name="ant.project.invoked-targets" value="run" />
    <property name="java.runtime.name" value="Java(TM) SE Runtime Environment" />
    <property name="sun.boot.library.path" value="C:\Program Files\Java\jre1.8.0_31\bin" />
    <property name="java.vm.version" value="25.31-b07" />
    <property name="ant.library.dir" value="C:\eclipse-jee-luna-R-win32-x86_64\eclipse\plugins\org.apache.ant_1.9.2.v201404171502\lib" />
    <property name="ant.version" value="Apache Ant(TM) version 1.9.2 compiled on July 8 2013" />
    <property name="ant.java.version" value="1.8" />
    <property name="java.vm.vendor" value="Oracle Corporation" />
    <property name="java.vendor.url" value="http://java.oracle.com/" />
    <property name="path.separator" value=";" />
    <property name="java.vm.name" value="Java HotSpot(TM) 64-Bit Server VM" />
    <property name="file.encoding.pkg" value="sun.io" />
    <property name="user.script" value="" />
    <property name="user.country" value="US" />
    <property name="sun.java.launcher" value="SUN_STANDARD" />
    <property name="sun.os.patch.level" value="Service Pack 1" />
    <property name="java.vm.specification.name" value="Java Virtual Machine Specification" />
    <property name="user.dir" value="C:\wt\pcm" />
    <property name="java.runtime.version" value="1.8.0_31-b13" />
    <property name="java.awt.graphicsenv" value="sun.awt.Win32GraphicsEnvironment" />
    <property name="eclipse.pdebuild.scripts" value="/C:/eclipse-jee-luna-R-win32-x86_64/eclipse/plugins/org.eclipse.pde.build_3.9.0.v20140415-2029/scripts/" />
    <property name="basedir" value="C:\wt\pcm" />
    <property name="java.endorsed.dirs" value="C:\Program Files\Java\jre1.8.0_31\lib\endorsed" />
    <property name="os.arch" value="amd64" />
    <property name="ant.project.default-target" value="run" />
    <property name="java.io.tmpdir" value="C:\Users\mpalo\AppData\Local\Temp\" />
    <property name="ant.core.lib" value="C:\eclipse-jee-luna-R-win32-x86_64\eclipse\plugins\org.apache.ant_1.9.2.v201404171502\lib\ant.jar" />
    <property name="line.separator" value="&#xd;&#xa;" />
    <property name="java.vm.specification.vendor" value="Oracle Corporation" />
    <property name="user.variant" value="" />
    <property name="os.name" value="Windows 7" />
    <property name="ant.home" value="C:\eclipse-jee-luna-R-win32-x86_64\eclipse\plugins\org.apache.ant_1.9.2.v201404171502" />
    <property name="eclipse.pdebuild.templates" value="/C:/eclipse-jee-luna-R-win32-x86_64/eclipse/plugins/org.eclipse.pde.build_3.9.0.v20140415-2029/templates/" />
    <property name="ant.project.name" value="PCM Test" />
    <property name="sun.jnu.encoding" value="Cp1252" />
    <property name="java.library.path" value="C:\Program Files\Java\jre1.8.0_31\bin;C:\Windows\Sun\Java\bin;C:\Windows\system32;C:\Windows;C:\ProgramData\Oracle\Java\javapath;C:\Program Files\Common Files\Microsoft Shared\Windows Live;C:\Program Files (x86)\Common Files\Microsoft Shared\Windows Live;C:\Windows\system32;C:\Windows;C:\Windows\System32\Wbem;C:\Windows\System32\WindowsPowerShell\v1.0\;C:\Program Files\Microsoft SQL Server\100\DTS\Binn\;C:\Program Files (x86)\Microsoft SQL Server\100\Tools\Binn\VSShell\Common7\IDE\;C:\Program Files (x86)\Microsoft SQL Server\100\Tools\Binn\;C:\Program Files\Microsoft SQL Server\100\Tools\Binn\;C:\Program Files (x86)\Microsoft SQL Server\100\DTS\Binn\;C:\Program Files (x86)\Microsoft Visual Studio 9.0\Common7\IDE\PrivateAssemblies\;C:\Program Files\TortoiseSVN\bin;C:\Program Files (x86)\Windows Live\Shared;C:\Program Files (x86)\CineForm\Tools;C:\Program Files (x86)\Git\cmd;C:\Program Files (x86)\QuickTime\QTSystem\;C:\Program Files (x86)\Skype\Phone\;C:\Program Files\Microsoft SQL Server\110\Tools\Binn\;C:\Program Files\Microsoft SQL Server\120\Tools\Binn\;C:\Program Files\Java\jdk1.7.0\bin;C:\ant\bin;&quot;C:\WEBTESTHOME\bin&quot;;&quot;C:\bin\phantomjs&quot;;&quot;C:\Program Files (x86)\phantomjs-2.0.0-windows\phantomjs-2.0.0-windows\bin&quot;;." />
    <property name="eclipse.pdebuild.home" value="/C:/eclipse-jee-luna-R-win32-x86_64/eclipse/plugins/org.eclipse.pde.build_3.9.0.v20140415-2029/./" />
    <property name="ant.file.type.PCM Test" value="file" />
    <property name="java.class.version" value="52.0" />
    <property name="java.specification.name" value="Java Platform API Specification" />
    <property name="sun.management.compiler" value="HotSpot 64-Bit Tiered Compilers" />
    <property name="os.version" value="6.1" />
    <property name="ant.file" value="C:\wt\pcm\build.xml" />
    <property name="user.home" value="C:\Users\mpalo" />
    <property name="user.timezone" value="Asia/Singapore" />
    <property name="java.awt.printerjob" value="sun.awt.windows.WPrinterJob" />
    <property name="java.specification.version" value="1.8" />
    <property name="file.encoding" value="Cp1252" />
    <property name="user.name" value="MPalo" />
    <property name="java.class.path" value="C:\wt\pcm\lib\junit-4.10.jar;C:\wt\pcm\lib\log4j-1.2.17.jar;C:\wt\pcm\lib\selenium-java-2.45.0.jar;C:\wt\pcm\lib\selenium-server-standalone-2.45.0.jar;C:\wt\pcm\bin;C:\eclipse-jee-luna-R-win32-x86_64\eclipse\plugins\org.apache.ant_1.9.2.v201404171502\lib\ant-launcher.jar;C:\eclipse-jee-luna-R-win32-x86_64\eclipse\plugins\org.apache.ant_1.9.2.v201404171502\lib\ant.jar;C:\eclipse-jee-luna-R-win32-x86_64\eclipse\plugins\org.apache.ant_1.9.2.v201404171502\lib\ant-junit.jar;C:\eclipse-jee-luna-R-win32-x86_64\eclipse\plugins\org.apache.ant_1.9.2.v201404171502\lib\ant-junit4.jar" />
    <property name="java.vm.specification.version" value="1.8" />
    <property name="sun.java.command" value="org.apache.tools.ant.taskdefs.optional.junit.JUnitTestRunner com.pcm.tests.HomepageAlive filtertrace=true haltOnError=false haltOnFailure=false formatter=org.apache.tools.ant.taskdefs.optional.junit.SummaryJUnitResultFormatter showoutput=false outputtoformatters=true logfailedtests=true logtestlistenerevents=false formatter=org.apache.tools.ant.taskdefs.optional.junit.XMLJUnitResultFormatter,C:\wt\pcm\src\TEST-com.pcm.tests.HomepageAlive.xml crashfile=C:\wt\pcm\junitvmwatcher5393918761646356754.properties propsfile=C:\wt\pcm\junit6155077606531359235.properties" />
    <property name="sun.arch.data.model" value="64" />
    <property name="java.home" value="C:\Program Files\Java\jre1.8.0_31" />
    <property name="java.specification.vendor" value="Oracle Corporation" />
    <property name="user.language" value="en" />
    <property name="awt.toolkit" value="sun.awt.windows.WToolkit" />
    <property name="java.vm.info" value="mixed mode" />
    <property name="java.version" value="1.8.0_31" />
    <property name="java.ext.dirs" value="C:\Program Files\Java\jre1.8.0_31\lib\ext;C:\Windows\Sun\Java\lib\ext" />
    <property name="sun.boot.class.path" value="C:\Program Files\Java\jre1.8.0_31\lib\resources.jar;C:\Program Files\Java\jre1.8.0_31\lib\rt.jar;C:\Program Files\Java\jre1.8.0_31\lib\sunrsasign.jar;C:\Program Files\Java\jre1.8.0_31\lib\jsse.jar;C:\Program Files\Java\jre1.8.0_31\lib\jce.jar;C:\Program Files\Java\jre1.8.0_31\lib\charsets.jar;C:\Program Files\Java\jre1.8.0_31\lib\jfr.jar;C:\Program Files\Java\jre1.8.0_31\classes" />
    <property name="java.vendor" value="Oracle Corporation" />
    <property name="file.separator" value="\" />
    <property name="java.vendor.url.bug" value="http://bugreport.sun.com/bugreport/" />
    <property name="sun.cpu.endian" value="little" />
    <property name="sun.io.unicode.encoding" value="UnicodeLittle" />
    <property name="ant.file.PCM Test" value="C:\wt\pcm\build.xml" />
    <property name="sun.desktop" value="windows" />
    <property name="sun.cpu.isalist" value="amd64" />
  </properties>
  <testcase classname="com.pcm.tests.HomepageAlive" name="openHomepage" time="0.182" />
  <system-out><![CDATA[[PCM] Verify Homepage...PASSED
]]></system-out>
  <system-err><![CDATA[log4j:WARN No appenders could be found for logger (org.apache.http.client.protocol.RequestAddCookies).
log4j:WARN Please initialize the log4j system properly.
log4j:WARN See http://logging.apache.org/log4j/1.2/faq.html#noconfig for more info.
]]></system-err>
</testsuite>
